Using pre-set license
Built from '2020.3/staging' branch; Version is '2020.3.11f1 (99c7afb366b3) revision 10078127'; Using compiler version '192528614'; Build Type 'Release'
OS: 'Windows 10 Home; OS build 19044.1706; Version 2009; 64bit' Language: 'en' Physical Memory: 8059 MB
BatchMode: 1, IsHumanControllingUs: 0, StartBugReporterOnCrash: 0, Is64bit: 1, IsPro: 0

 COMMAND LINE ARGUMENTS:
C:\Program Files\Unity\Hub\Editor\2020.3.11f1\Editor\Unity.exe
-adb2
-batchMode
-noUpm
-name
AssetImportWorker0
-projectPath
C:/Users/conno/Documents/Unity/MobileHorrorPuzzleRunner/Mobile Horror Puzzle Runner
-logFile
Logs/AssetImportWorker0.log
-srvPort
59239
Successfully changed project path to: C:/Users/conno/Documents/Unity/MobileHorrorPuzzleRunner/Mobile Horror Puzzle Runner
C:/Users/conno/Documents/Unity/MobileHorrorPuzzleRunner/Mobile Horror Puzzle Runner
Using Asset Import Pipeline V2.
Refreshing native plugins compatible for Editor in 140.14 ms, found 2 plugins.
Preloading 0 native plugins for Editor in 0.00 ms.
Initialize engine version: 2020.3.11f1 (99c7afb366b3)
[Subsystems] Discovering subsystems at path C:/Program Files/Unity/Hub/Editor/2020.3.11f1/Editor/Data/Resources/UnitySubsystems
[Subsystems] Discovering subsystems at path C:/Users/conno/Documents/Unity/MobileHorrorPuzzleRunner/Mobile Horror Puzzle Runner/Assets
GfxDevice: creating device client; threaded=0
Direct3D:
    Version:  Direct3D 11.0 [level 11.1]
    Renderer: NVIDIA GeForce GTX 1650 (ID=0x1f99)
    Vendor:   
    VRAM:     3962 MB
    Driver:   30.0.14.7141
Initialize mono
Mono path[0] = 'C:/Program Files/Unity/Hub/Editor/2020.3.11f1/Editor/Data/Managed'
Mono path[1] = 'C:/Program Files/Unity/Hub/Editor/2020.3.11f1/Editor/Data/MonoBleedingEdge/lib/mono/unityjit'
Mono config path = 'C:/Program Files/Unity/Hub/Editor/2020.3.11f1/Editor/Data/MonoBleedingEdge/etc'
Using monoOptions --debugger-agent=transport=dt_socket,embedding=1,server=y,suspend=n,address=127.0.0.1:56508
Begin MonoManager ReloadAssembly
Registering precompiled unity dll's ...
Register platform support module: C:/Program Files/Unity/Hub/Editor/2020.3.11f1/Editor/Data/PlaybackEngines/WebGLSupport/UnityEditor.WebGL.Extensions.dll
Register platform support module: C:/Program Files/Unity/Hub/Editor/2020.3.11f1/Editor/Data/PlaybackEngines/WindowsStandaloneSupport/UnityEditor.WindowsStandalone.Extensions.dll
Registered in 0.002870 seconds.
Native extension for WindowsStandalone target not found
Native extension for WebGL target not found
Refreshing native plugins compatible for Editor in 119.48 ms, found 2 plugins.
Preloading 0 native plugins for Editor in 0.00 ms.
Mono: successfully reloaded assembly
- Completed reload, in  3.928 seconds
Platform modules already initialized, skipping
Registering precompiled user dll's ...
Registered in 0.005889 seconds.
Begin MonoManager ReloadAssembly
Native extension for WindowsStandalone target not found
Native extension for WebGL target not found
Refreshing native plugins compatible for Editor in 84.22 ms, found 2 plugins.
Preloading 0 native plugins for Editor in 0.00 ms.
Mono: successfully reloaded assembly
- Completed reload, in  1.992 seconds
Platform modules already initialized, skipping
========================================================================
Worker process is ready to serve import requests
Shader 'Universal Render Pipeline/Particles/Lit': fallback shader 'Universal Render Pipeline/Particles/SimpleLit' not found
Shader 'Universal Render Pipeline/Particles/Lit': fallback shader 'Universal Render Pipeline/Particles/SimpleLit' not found
Launched and connected shader compiler UnityShaderCompiler.exe after 0.08 seconds
Refreshing native plugins compatible for Editor in 0.78 ms, found 2 plugins.
Preloading 0 native plugins for Editor in 0.00 ms.
Unloading 2715 Unused Serialized files (Serialized files now loaded: 0)
System memory in use before: 130.1 MB.
System memory in use after: 127.4 MB.

Unloading 51 unused Assets to reduce memory usage. Loaded Objects now: 3122.
Total: 5.405000 ms (FindLiveObjects: 0.421200 ms CreateObjectMapping: 0.218600 ms MarkObjects: 2.921000 ms  DeleteObjects: 1.822000 ms)

========================================================================
Received Import Request.
  path: Assets/Scripts/Player.cs
  artifactKey: Guid(316f2c791e1c99b449054c2ced9cad52) Importer(815301076,1909f56bfc062723c751e8b465ee728b)
Start importing Assets/Scripts/Player.cs using Guid(316f2c791e1c99b449054c2ced9cad52) Importer(815301076,1909f56bfc062723c751e8b465ee728b)  -> (artifact id: '504480d0e556489236c5f05af371e0b4') in 0.039213 seconds
  Import took 0.046434 seconds .

========================================================================
Received Import Request.
  Time since last request: 0.000547 seconds.
  path: Assets/Scripts/ScoreHandler.cs
  artifactKey: Guid(5fd76a0b10dba3a49bac7896d41e35b6) Importer(815301076,1909f56bfc062723c751e8b465ee728b)
Start importing Assets/Scripts/ScoreHandler.cs using Guid(5fd76a0b10dba3a49bac7896d41e35b6) Importer(815301076,1909f56bfc062723c751e8b465ee728b)  -> (artifact id: '1f11153f6e15214e847949edfca6b919') in 0.031745 seconds
  Import took 0.038479 seconds .

========================================================================
Received Import Request.
  Time since last request: 0.000353 seconds.
  path: Assets/Scripts
  artifactKey: Guid(02a3527b6b33a924e8ec66aa805ea717) Importer(815301076,1909f56bfc062723c751e8b465ee728b)
Start importing Assets/Scripts using Guid(02a3527b6b33a924e8ec66aa805ea717) Importer(815301076,1909f56bfc062723c751e8b465ee728b)  -> (artifact id: '3d22bec3b2937c29cd085e1506c06094') in 0.017687 seconds
  Import took 0.024760 seconds .

========================================================================
Received Import Request.
  Time since last request: 12.276610 seconds.
  path: Assets/Scripts/ShaderImageEffect.cs
  artifactKey: Guid(e8eb4954528b1a24e8f3f6b72317443c) Importer(815301076,1909f56bfc062723c751e8b465ee728b)
Start importing Assets/Scripts/ShaderImageEffect.cs using Guid(e8eb4954528b1a24e8f3f6b72317443c) Importer(815301076,1909f56bfc062723c751e8b465ee728b)  -> (artifact id: '4c63149fc4df91d8ef515adaf8687582') in 0.040889 seconds
  Import took 0.055037 seconds .

========================================================================
Received Import Request.
  Time since last request: 0.004256 seconds.
  path: Assets/Scripts/ShaderImageEffect.cs
  artifactKey: Guid(e8eb4954528b1a24e8f3f6b72317443c) Importer(815301076,1909f56bfc062723c751e8b465ee728b)
Start importing Assets/Scripts/ShaderImageEffect.cs using Guid(e8eb4954528b1a24e8f3f6b72317443c) Importer(815301076,1909f56bfc062723c751e8b465ee728b)  -> (artifact id: '4c63149fc4df91d8ef515adaf8687582') in 0.007807 seconds
  Import took 0.021796 seconds .

========================================================================
Received Import Request.
  Time since last request: 2.293120 seconds.
  path: Assets/Scripts/ObjectPools.cs
  artifactKey: Guid(5b33ef3b1e3c82f4daebe2608ac32699) Importer(815301076,1909f56bfc062723c751e8b465ee728b)
Start importing Assets/Scripts/ObjectPools.cs using Guid(5b33ef3b1e3c82f4daebe2608ac32699) Importer(815301076,1909f56bfc062723c751e8b465ee728b)  -> (artifact id: 'e4b14e3a97626fb5e8c27f3718bda4ec') in 0.021264 seconds
  Import took 0.035093 seconds .

========================================================================
Received Import Request.
  Time since last request: 0.006684 seconds.
  path: Assets/Scripts/ObjectPools.cs
  artifactKey: Guid(5b33ef3b1e3c82f4daebe2608ac32699) Importer(815301076,1909f56bfc062723c751e8b465ee728b)
Start importing Assets/Scripts/ObjectPools.cs using Guid(5b33ef3b1e3c82f4daebe2608ac32699) Importer(815301076,1909f56bfc062723c751e8b465ee728b)  -> (artifact id: 'e4b14e3a97626fb5e8c27f3718bda4ec') in 0.008525 seconds
  Import took 0.024561 seconds .

========================================================================
Received Import Request.
  Time since last request: 1.224083 seconds.
  path: Assets/Scripts/GhostMovement.cs
  artifactKey: Guid(48dbfa7077272ab4bb17d47537816eeb) Importer(815301076,1909f56bfc062723c751e8b465ee728b)
Start importing Assets/Scripts/GhostMovement.cs using Guid(48dbfa7077272ab4bb17d47537816eeb) Importer(815301076,1909f56bfc062723c751e8b465ee728b)  -> (artifact id: '0bae9d87e7c7cca4bc8df55672e9e885') in 0.009646 seconds
  Import took 0.015715 seconds .

========================================================================
Received Import Request.
  Time since last request: 0.015048 seconds.
  path: Assets/Scripts/GhostMovement.cs
  artifactKey: Guid(48dbfa7077272ab4bb17d47537816eeb) Importer(815301076,1909f56bfc062723c751e8b465ee728b)
Start importing Assets/Scripts/GhostMovement.cs using Guid(48dbfa7077272ab4bb17d47537816eeb) Importer(815301076,1909f56bfc062723c751e8b465ee728b)  -> (artifact id: '0bae9d87e7c7cca4bc8df55672e9e885') in 0.003459 seconds
  Import took 0.010531 seconds .

========================================================================
Received Import Request.
  Time since last request: 2.509257 seconds.
  path: Assets/Scripts/DoorStopCol.cs
  artifactKey: Guid(afe9e74a9b26f704288af04bb09ca5cb) Importer(815301076,1909f56bfc062723c751e8b465ee728b)
Start importing Assets/Scripts/DoorStopCol.cs using Guid(afe9e74a9b26f704288af04bb09ca5cb) Importer(815301076,1909f56bfc062723c751e8b465ee728b)  -> (artifact id: '0965c933bb7dad4d5a2bb99e3aef70e3') in 0.009475 seconds
  Import took 0.016900 seconds .

========================================================================
Received Import Request.
  Time since last request: 0.001434 seconds.
  path: Assets/Scripts/DoorStopCol.cs
  artifactKey: Guid(afe9e74a9b26f704288af04bb09ca5cb) Importer(815301076,1909f56bfc062723c751e8b465ee728b)
Start importing Assets/Scripts/DoorStopCol.cs using Guid(afe9e74a9b26f704288af04bb09ca5cb) Importer(815301076,1909f56bfc062723c751e8b465ee728b)  -> (artifact id: '0965c933bb7dad4d5a2bb99e3aef70e3') in 0.003686 seconds
  Import took 0.009425 seconds .

========================================================================
Received Import Request.
  Time since last request: 2.292244 seconds.
  path: Assets/Scripts/CorridorSpawner.cs
  artifactKey: Guid(22c05fe1082e27f42ad79ecc3407982c) Importer(815301076,1909f56bfc062723c751e8b465ee728b)
Start importing Assets/Scripts/CorridorSpawner.cs using Guid(22c05fe1082e27f42ad79ecc3407982c) Importer(815301076,1909f56bfc062723c751e8b465ee728b)  -> (artifact id: '9f7683fa6f89669545bef3b24e2be4e3') in 0.009218 seconds
  Import took 0.015921 seconds .

========================================================================
Received Import Request.
  Time since last request: 0.015914 seconds.
  path: Assets/Scripts/CorridorSpawner.cs
  artifactKey: Guid(22c05fe1082e27f42ad79ecc3407982c) Importer(815301076,1909f56bfc062723c751e8b465ee728b)
Start importing Assets/Scripts/CorridorSpawner.cs using Guid(22c05fe1082e27f42ad79ecc3407982c) Importer(815301076,1909f56bfc062723c751e8b465ee728b)  -> (artifact id: '9f7683fa6f89669545bef3b24e2be4e3') in 0.003458 seconds
  Import took 0.010060 seconds .

========================================================================
Received Import Request.
  Time since last request: 3.282252 seconds.
  path: Assets/Scripts/CorridorMovement.cs
  artifactKey: Guid(8623adbeccc29144691b82eb8884abdb) Importer(815301076,1909f56bfc062723c751e8b465ee728b)
Start importing Assets/Scripts/CorridorMovement.cs using Guid(8623adbeccc29144691b82eb8884abdb) Importer(815301076,1909f56bfc062723c751e8b465ee728b)  -> (artifact id: '5ee1e6f5cf27cfb42535e182c4c62e5c') in 0.021265 seconds
  Import took 0.034552 seconds .

========================================================================
Received Import Request.
  Time since last request: 0.007559 seconds.
  path: Assets/Scripts/CorridorMovement.cs
  artifactKey: Guid(8623adbeccc29144691b82eb8884abdb) Importer(815301076,1909f56bfc062723c751e8b465ee728b)
Start importing Assets/Scripts/CorridorMovement.cs using Guid(8623adbeccc29144691b82eb8884abdb) Importer(815301076,1909f56bfc062723c751e8b465ee728b)  -> (artifact id: '5ee1e6f5cf27cfb42535e182c4c62e5c') in 0.010530 seconds
  Import took 0.024078 seconds .

========================================================================
Received Import Request.
  Time since last request: 1.215794 seconds.
  path: Assets/Scripts/CorridoorWithDoorMovement.cs
  artifactKey: Guid(ddf13c5dcfe508945aa28492e158eb74) Importer(815301076,1909f56bfc062723c751e8b465ee728b)
Start importing Assets/Scripts/CorridoorWithDoorMovement.cs using Guid(ddf13c5dcfe508945aa28492e158eb74) Importer(815301076,1909f56bfc062723c751e8b465ee728b)  -> (artifact id: '156e56072402aac46f8dfd2fbe7d344d') in 0.012895 seconds
  Import took 0.023870 seconds .

========================================================================
Received Import Request.
  Time since last request: 2.729905 seconds.
  path: Assets/Scripts/SimpleCameraController.cs
  artifactKey: Guid(be76e5f14cfee674cb30b491fb72b09b) Importer(815301076,1909f56bfc062723c751e8b465ee728b)
Start importing Assets/Scripts/SimpleCameraController.cs using Guid(be76e5f14cfee674cb30b491fb72b09b) Importer(815301076,1909f56bfc062723c751e8b465ee728b)  -> (artifact id: 'e6a794941a15252fee7bf727492298bd') in 0.009741 seconds
  Import took 0.015449 seconds .

========================================================================
Received Import Request.
  Time since last request: 0.018510 seconds.
  path: Assets/Scripts/SimpleCameraController.cs
  artifactKey: Guid(be76e5f14cfee674cb30b491fb72b09b) Importer(815301076,1909f56bfc062723c751e8b465ee728b)
Start importing Assets/Scripts/SimpleCameraController.cs using Guid(be76e5f14cfee674cb30b491fb72b09b) Importer(815301076,1909f56bfc062723c751e8b465ee728b)  -> (artifact id: 'e6a794941a15252fee7bf727492298bd') in 0.003822 seconds
  Import took 0.011610 seconds .

========================================================================
Received Import Request.
  Time since last request: 1.921545 seconds.
  path: Assets/Scripts/SkipDoor.cs
  artifactKey: Guid(4cfb814974879834489e78473c1a2a4c) Importer(815301076,1909f56bfc062723c751e8b465ee728b)
Start importing Assets/Scripts/SkipDoor.cs using Guid(4cfb814974879834489e78473c1a2a4c) Importer(815301076,1909f56bfc062723c751e8b465ee728b)  -> (artifact id: '101bef59f2894468d46f478581aa2d58') in 0.013501 seconds
  Import took 0.034535 seconds .

========================================================================
Received Import Request.
  Time since last request: 1.495999 seconds.
  path: Assets/Scripts/Tablet.cs
  artifactKey: Guid(2afb5b818fc71fc48991d8a0df98ba2b) Importer(815301076,1909f56bfc062723c751e8b465ee728b)
Start importing Assets/Scripts/Tablet.cs using Guid(2afb5b818fc71fc48991d8a0df98ba2b) Importer(815301076,1909f56bfc062723c751e8b465ee728b)  -> (artifact id: '97db75718877703a82710aa978806b29') in 0.020250 seconds
  Import took 0.034139 seconds .

========================================================================
Received Import Request.
  Time since last request: 0.021330 seconds.
  path: Assets/Scripts/Tablet.cs
  artifactKey: Guid(2afb5b818fc71fc48991d8a0df98ba2b) Importer(815301076,1909f56bfc062723c751e8b465ee728b)
Start importing Assets/Scripts/Tablet.cs using Guid(2afb5b818fc71fc48991d8a0df98ba2b) Importer(815301076,1909f56bfc062723c751e8b465ee728b)  -> (artifact id: '97db75718877703a82710aa978806b29') in 0.005403 seconds
  Import took 0.015951 seconds .

========================================================================
Received Import Request.
  Time since last request: 6.089581 seconds.
  path: Assets/Scripts/Puzzles
  artifactKey: Guid(314e77cb1e8745f43b268221c2f45c70) Importer(815301076,1909f56bfc062723c751e8b465ee728b)
Start importing Assets/Scripts/Puzzles using Guid(314e77cb1e8745f43b268221c2f45c70) Importer(815301076,1909f56bfc062723c751e8b465ee728b)  -> (artifact id: '3b8d3309e480b607e7189d26c92b1f89') in 0.025067 seconds
  Import took 0.041424 seconds .

========================================================================
Received Import Request.
  Time since last request: 1.645358 seconds.
  path: Assets/Scripts/Puzzles/LightSequencePuzzle.cs
  artifactKey: Guid(40f7bd65a4aab1f49b731ee9d92ab4a4) Importer(815301076,1909f56bfc062723c751e8b465ee728b)
Start importing Assets/Scripts/Puzzles/LightSequencePuzzle.cs using Guid(40f7bd65a4aab1f49b731ee9d92ab4a4) Importer(815301076,1909f56bfc062723c751e8b465ee728b)  -> (artifact id: '37f6f86f537b6d13fffaf7a56a2efc07') in 0.018830 seconds
  Import took 0.032866 seconds .

========================================================================
Received Import Request.
  Time since last request: 0.004913 seconds.
  path: Assets/Scripts/Puzzles/LightSequencePuzzle.cs
  artifactKey: Guid(40f7bd65a4aab1f49b731ee9d92ab4a4) Importer(815301076,1909f56bfc062723c751e8b465ee728b)
Start importing Assets/Scripts/Puzzles/LightSequencePuzzle.cs using Guid(40f7bd65a4aab1f49b731ee9d92ab4a4) Importer(815301076,1909f56bfc062723c751e8b465ee728b)  -> (artifact id: '37f6f86f537b6d13fffaf7a56a2efc07') in 0.007602 seconds
  Import took 0.023016 seconds .

========================================================================
Received Import Request.
  Time since last request: 1.432937 seconds.
  path: Assets/Scripts/Puzzles/LightsOne.cs
  artifactKey: Guid(86982608657a8d440aeae84d76c9aa6e) Importer(815301076,1909f56bfc062723c751e8b465ee728b)
Start importing Assets/Scripts/Puzzles/LightsOne.cs using Guid(86982608657a8d440aeae84d76c9aa6e) Importer(815301076,1909f56bfc062723c751e8b465ee728b)  -> (artifact id: '152abb19359a676a9ac1d5e4a7653f5e') in 0.012099 seconds
  Import took 0.019546 seconds .

========================================================================
Received Import Request.
  Time since last request: 0.009237 seconds.
  path: Assets/Scripts/Puzzles/LightsOne.cs
  artifactKey: Guid(86982608657a8d440aeae84d76c9aa6e) Importer(815301076,1909f56bfc062723c751e8b465ee728b)
Start importing Assets/Scripts/Puzzles/LightsOne.cs using Guid(86982608657a8d440aeae84d76c9aa6e) Importer(815301076,1909f56bfc062723c751e8b465ee728b)  -> (artifact id: '152abb19359a676a9ac1d5e4a7653f5e') in 0.003810 seconds
  Import took 0.011355 seconds .

========================================================================
Received Import Request.
  Time since last request: 1.968942 seconds.
  path: Assets/Scripts/Puzzles/MathEasy.cs
  artifactKey: Guid(bae3164e40948f847bd1e2a16399a706) Importer(815301076,1909f56bfc062723c751e8b465ee728b)
Start importing Assets/Scripts/Puzzles/MathEasy.cs using Guid(bae3164e40948f847bd1e2a16399a706) Importer(815301076,1909f56bfc062723c751e8b465ee728b)  -> (artifact id: 'f57a850d2211b9dcbc636bb94a441466') in 0.014632 seconds
  Import took 0.022681 seconds .

========================================================================
Received Import Request.
  Time since last request: 4.552766 seconds.
  path: Assets/Scripts/Puzzles/PuzzleHandler.cs
  artifactKey: Guid(a32789bf26bc67d4b9290072aad1e541) Importer(815301076,1909f56bfc062723c751e8b465ee728b)
Start importing Assets/Scripts/Puzzles/PuzzleHandler.cs using Guid(a32789bf26bc67d4b9290072aad1e541) Importer(815301076,1909f56bfc062723c751e8b465ee728b)  -> (artifact id: '557f839ae4b4e7608f244d58b72f77fc') in 0.023353 seconds
  Import took 0.037572 seconds .

========================================================================
Received Import Request.
  Time since last request: 0.005216 seconds.
  path: Assets/Scripts/Puzzles/PuzzleHandler.cs
  artifactKey: Guid(a32789bf26bc67d4b9290072aad1e541) Importer(815301076,1909f56bfc062723c751e8b465ee728b)
Start importing Assets/Scripts/Puzzles/PuzzleHandler.cs using Guid(a32789bf26bc67d4b9290072aad1e541) Importer(815301076,1909f56bfc062723c751e8b465ee728b)  -> (artifact id: '557f839ae4b4e7608f244d58b72f77fc') in 0.010850 seconds
  Import took 0.030337 seconds .

========================================================================
Received Import Request.
  Time since last request: 1179.768390 seconds.
  path: Assets/Scripts/Puzzles/MathHard.cs
  artifactKey: Guid(abc49369fa8254d42b78434726b07b63) Importer(815301076,1909f56bfc062723c751e8b465ee728b)
Start importing Assets/Scripts/Puzzles/MathHard.cs using Guid(abc49369fa8254d42b78434726b07b63) Importer(815301076,1909f56bfc062723c751e8b465ee728b)  -> (artifact id: '3dae92d2012e1014ff4e694d1178c2b0') in 0.008820 seconds
  Import took 0.017710 seconds .

========================================================================
Received Import Request.
  Time since last request: 0.002122 seconds.
  path: Assets/Scripts/Puzzles/MathHard.cs
  artifactKey: Guid(abc49369fa8254d42b78434726b07b63) Importer(815301076,1909f56bfc062723c751e8b465ee728b)
Start importing Assets/Scripts/Puzzles/MathHard.cs using Guid(abc49369fa8254d42b78434726b07b63) Importer(815301076,1909f56bfc062723c751e8b465ee728b)  -> (artifact id: '3dae92d2012e1014ff4e694d1178c2b0') in 0.004299 seconds
  Import took 0.013620 seconds .

========================================================================
Received Prepare
Registering precompiled user dll's ...
Registered in 0.182187 seconds.
Begin MonoManager ReloadAssembly
Native extension for WindowsStandalone target not found
Native extension for WebGL target not found
Refreshing native plugins compatible for Editor in 0.69 ms, found 2 plugins.
Preloading 0 native plugins for Editor in 0.00 ms.
Mono: successfully reloaded assembly
- Completed reload, in  1.444 seconds
Platform modules already initialized, skipping
Switching build target platform(19) subTarget(0) extendedPlatform(0) -> platform(13) subTarget(537395200) extendedPlatform(0)
Shader 'Universal Render Pipeline/Particles/Lit': fallback shader 'Universal Render Pipeline/Particles/SimpleLit' not found
Shader 'Universal Render Pipeline/Particles/Lit': fallback shader 'Universal Render Pipeline/Particles/SimpleLit' not found
Refreshing native plugins compatible for Editor in 0.94 ms, found 2 plugins.
Preloading 0 native plugins for Editor in 0.00 ms.
Unloading 2638 Unused Serialized files (Serialized files now loaded: 0)
System memory in use before: 122.4 MB.
System memory in use after: 119.7 MB.

Unloading 46 unused Assets to reduce memory usage. Loaded Objects now: 3125.
Total: 5.806600 ms (FindLiveObjects: 0.367700 ms CreateObjectMapping: 0.198400 ms MarkObjects: 3.207300 ms  DeleteObjects: 2.032100 ms)

AssetImportParameters requested are different than current active one (requested -> active):
  custom:graphics/normal-map-encoding: 01000000000000000000000000000000 -> 02000000000000000000000000000000
========================================================================
Received Prepare
Registering precompiled user dll's ...
Registered in 0.005704 seconds.
Begin MonoManager ReloadAssembly
Native extension for WindowsStandalone target not found
Native extension for WebGL target not found
Refreshing native plugins compatible for Editor in 0.84 ms, found 2 plugins.
Preloading 0 native plugins for Editor in 0.00 ms.
Mono: successfully reloaded assembly
- Completed reload, in  2.128 seconds
Platform modules already initialized, skipping
Switching build target platform(19) subTarget(0) extendedPlatform(0) -> platform(13) subTarget(537395200) extendedPlatform(0)
Shader 'Universal Render Pipeline/Particles/Lit': fallback shader 'Universal Render Pipeline/Particles/SimpleLit' not found
Shader 'Universal Render Pipeline/Particles/Lit': fallback shader 'Universal Render Pipeline/Particles/SimpleLit' not found
Refreshing native plugins compatible for Editor in 0.75 ms, found 2 plugins.
Preloading 0 native plugins for Editor in 0.00 ms.
Unloading 2638 Unused Serialized files (Serialized files now loaded: 0)
System memory in use before: 122.4 MB.
System memory in use after: 119.8 MB.

Unloading 46 unused Assets to reduce memory usage. Loaded Objects now: 3128.
Total: 4.707200 ms (FindLiveObjects: 0.315500 ms CreateObjectMapping: 0.156900 ms MarkObjects: 2.466600 ms  DeleteObjects: 1.767400 ms)

AssetImportParameters requested are different than current active one (requested -> active):
  custom:graphics/normal-map-encoding: 01000000000000000000000000000000 -> 02000000000000000000000000000000
========================================================================
Received Prepare
Registering precompiled user dll's ...
Registered in 0.008209 seconds.
Begin MonoManager ReloadAssembly
Native extension for WindowsStandalone target not found
Native extension for WebGL target not found
Refreshing native plugins compatible for Editor in 0.81 ms, found 2 plugins.
Preloading 0 native plugins for Editor in 0.00 ms.
Mono: successfully reloaded assembly
- Completed reload, in  2.154 seconds
Platform modules already initialized, skipping
Switching build target platform(19) subTarget(0) extendedPlatform(0) -> platform(13) subTarget(537395200) extendedPlatform(0)
Shader 'Universal Render Pipeline/Particles/Lit': fallback shader 'Universal Render Pipeline/Particles/SimpleLit' not found
Shader 'Universal Render Pipeline/Particles/Lit': fallback shader 'Universal Render Pipeline/Particles/SimpleLit' not found
Refreshing native plugins compatible for Editor in 0.89 ms, found 2 plugins.
Preloading 0 native plugins for Editor in 0.00 ms.
Unloading 2638 Unused Serialized files (Serialized files now loaded: 0)
System memory in use before: 122.4 MB.
System memory in use after: 119.8 MB.

Unloading 46 unused Assets to reduce memory usage. Loaded Objects now: 3131.
Total: 5.528600 ms (FindLiveObjects: 0.367800 ms CreateObjectMapping: 0.185400 ms MarkObjects: 3.033900 ms  DeleteObjects: 1.940200 ms)

AssetImportParameters requested are different than current active one (requested -> active):
  custom:graphics/normal-map-encoding: 01000000000000000000000000000000 -> 02000000000000000000000000000000
========================================================================
Received Prepare
Registering precompiled user dll's ...
Registered in 0.005610 seconds.
Begin MonoManager ReloadAssembly
Native extension for WindowsStandalone target not found
Native extension for WebGL target not found
Refreshing native plugins compatible for Editor in 0.61 ms, found 2 plugins.
Preloading 0 native plugins for Editor in 0.00 ms.
Mono: successfully reloaded assembly
- Completed reload, in  1.199 seconds
Platform modules already initialized, skipping
Switching build target platform(19) subTarget(0) extendedPlatform(0) -> platform(13) subTarget(537395200) extendedPlatform(0)
Shader 'Universal Render Pipeline/Particles/Lit': fallback shader 'Universal Render Pipeline/Particles/SimpleLit' not found
Shader 'Universal Render Pipeline/Particles/Lit': fallback shader 'Universal Render Pipeline/Particles/SimpleLit' not found
Refreshing native plugins compatible for Editor in 0.60 ms, found 2 plugins.
Preloading 0 native plugins for Editor in 0.00 ms.
Unloading 2638 Unused Serialized files (Serialized files now loaded: 0)
System memory in use before: 122.5 MB.
System memory in use after: 119.8 MB.

Unloading 46 unused Assets to reduce memory usage. Loaded Objects now: 3134.
Total: 3.503000 ms (FindLiveObjects: 0.253700 ms CreateObjectMapping: 0.108900 ms MarkObjects: 1.862100 ms  DeleteObjects: 1.277500 ms)

AssetImportParameters requested are different than current active one (requested -> active):
  custom:graphics/normal-map-encoding: 01000000000000000000000000000000 -> 02000000000000000000000000000000
========================================================================
Received Prepare
Registering precompiled user dll's ...
Registered in 0.003608 seconds.
Begin MonoManager ReloadAssembly
Native extension for WindowsStandalone target not found
Native extension for WebGL target not found
Refreshing native plugins compatible for Editor in 0.61 ms, found 2 plugins.
Preloading 0 native plugins for Editor in 0.00 ms.
Mono: successfully reloaded assembly
- Completed reload, in  0.910 seconds
Platform modules already initialized, skipping
Switching build target platform(19) subTarget(0) extendedPlatform(0) -> platform(13) subTarget(537395200) extendedPlatform(0)
Shader 'Universal Render Pipeline/Particles/Lit': fallback shader 'Universal Render Pipeline/Particles/SimpleLit' not found
Shader 'Universal Render Pipeline/Particles/Lit': fallback shader 'Universal Render Pipeline/Particles/SimpleLit' not found
Refreshing native plugins compatible for Editor in 0.63 ms, found 2 plugins.
Preloading 0 native plugins for Editor in 0.00 ms.
Unloading 2638 Unused Serialized files (Serialized files now loaded: 0)
System memory in use before: 122.6 MB.
System memory in use after: 119.9 MB.

Unloading 46 unused Assets to reduce memory usage. Loaded Objects now: 3137.
Total: 3.545300 ms (FindLiveObjects: 0.260900 ms CreateObjectMapping: 0.120000 ms MarkObjects: 1.895500 ms  DeleteObjects: 1.268200 ms)

AssetImportParameters requested are different than current active one (requested -> active):
  custom:graphics/normal-map-encoding: 01000000000000000000000000000000 -> 02000000000000000000000000000000
========================================================================
Received Prepare
Registering precompiled user dll's ...
Registered in 0.006938 seconds.
Begin MonoManager ReloadAssembly
Native extension for WindowsStandalone target not found
Native extension for WebGL target not found
Refreshing native plugins compatible for Editor in 0.63 ms, found 2 plugins.
Preloading 0 native plugins for Editor in 0.00 ms.
Mono: successfully reloaded assembly
- Completed reload, in  1.269 seconds
Platform modules already initialized, skipping
Switching build target platform(19) subTarget(0) extendedPlatform(0) -> platform(13) subTarget(537395200) extendedPlatform(0)
Shader 'Universal Render Pipeline/Particles/Lit': fallback shader 'Universal Render Pipeline/Particles/SimpleLit' not found
Shader 'Universal Render Pipeline/Particles/Lit': fallback shader 'Universal Render Pipeline/Particles/SimpleLit' not found
Refreshing native plugins compatible for Editor in 0.60 ms, found 2 plugins.
Preloading 0 native plugins for Editor in 0.00 ms.
Unloading 2638 Unused Serialized files (Serialized files now loaded: 0)
System memory in use before: 122.6 MB.
System memory in use after: 119.9 MB.

Unloading 46 unused Assets to reduce memory usage. Loaded Objects now: 3140.
Total: 3.620700 ms (FindLiveObjects: 0.264200 ms CreateObjectMapping: 0.121800 ms MarkObjects: 1.942100 ms  DeleteObjects: 1.291700 ms)

AssetImportParameters requested are different than current active one (requested -> active):
  custom:graphics/normal-map-encoding: 01000000000000000000000000000000 -> 02000000000000000000000000000000
========================================================================
Received Prepare
Registering precompiled user dll's ...
Registered in 0.007191 seconds.
Begin MonoManager ReloadAssembly
Native extension for WindowsStandalone target not found
Native extension for WebGL target not found
Refreshing native plugins compatible for Editor in 1.04 ms, found 2 plugins.
Preloading 0 native plugins for Editor in 0.00 ms.
Mono: successfully reloaded assembly
- Completed reload, in  1.436 seconds
Platform modules already initialized, skipping
Switching build target platform(19) subTarget(0) extendedPlatform(0) -> platform(13) subTarget(537395200) extendedPlatform(0)
Shader 'Universal Render Pipeline/Particles/Lit': fallback shader 'Universal Render Pipeline/Particles/SimpleLit' not found
Shader 'Universal Render Pipeline/Particles/Lit': fallback shader 'Universal Render Pipeline/Particles/SimpleLit' not found
Refreshing native plugins compatible for Editor in 0.75 ms, found 2 plugins.
Preloading 0 native plugins for Editor in 0.00 ms.
Unloading 2638 Unused Serialized files (Serialized files now loaded: 0)
System memory in use before: 122.6 MB.
System memory in use after: 119.9 MB.

Unloading 46 unused Assets to reduce memory usage. Loaded Objects now: 3143.
Total: 191.896800 ms (FindLiveObjects: 21.779600 ms CreateObjectMapping: 58.555200 ms MarkObjects: 55.354800 ms  DeleteObjects: 2.197100 ms)

AssetImportParameters requested are different than current active one (requested -> active):
  custom:graphics/normal-map-encoding: 01000000000000000000000000000000 -> 02000000000000000000000000000000
========================================================================
Received Prepare
Registering precompiled user dll's ...
Registered in 0.013444 seconds.
Begin MonoManager ReloadAssembly
Native extension for WindowsStandalone target not found
Native extension for WebGL target not found
Refreshing native plugins compatible for Editor in 0.68 ms, found 2 plugins.
Preloading 0 native plugins for Editor in 0.00 ms.
Mono: successfully reloaded assembly
- Completed reload, in  1.435 seconds
Platform modules already initialized, skipping
Switching build target platform(19) subTarget(0) extendedPlatform(0) -> platform(13) subTarget(537395200) extendedPlatform(0)
Shader 'Universal Render Pipeline/Particles/Lit': fallback shader 'Universal Render Pipeline/Particles/SimpleLit' not found
Shader 'Universal Render Pipeline/Particles/Lit': fallback shader 'Universal Render Pipeline/Particles/SimpleLit' not found
Refreshing native plugins compatible for Editor in 1.07 ms, found 2 plugins.
Preloading 0 native plugins for Editor in 0.00 ms.
Unloading 2638 Unused Serialized files (Serialized files now loaded: 0)
System memory in use before: 122.6 MB.
System memory in use after: 120.0 MB.

Unloading 46 unused Assets to reduce memory usage. Loaded Objects now: 3146.
Total: 6.037200 ms (FindLiveObjects: 0.496400 ms CreateObjectMapping: 0.792300 ms MarkObjects: 3.098900 ms  DeleteObjects: 1.648200 ms)

AssetImportParameters requested are different than current active one (requested -> active):
  custom:graphics/normal-map-encoding: 01000000000000000000000000000000 -> 02000000000000000000000000000000
========================================================================
Received Prepare
Registering precompiled user dll's ...
Registered in 0.004058 seconds.
Begin MonoManager ReloadAssembly
Native extension for WindowsStandalone target not found
Native extension for WebGL target not found
Refreshing native plugins compatible for Editor in 0.61 ms, found 2 plugins.
Preloading 0 native plugins for Editor in 0.00 ms.
Mono: successfully reloaded assembly
- Completed reload, in  1.166 seconds
Platform modules already initialized, skipping
Switching build target platform(19) subTarget(0) extendedPlatform(0) -> platform(13) subTarget(537395200) extendedPlatform(0)
Shader 'Universal Render Pipeline/Particles/Lit': fallback shader 'Universal Render Pipeline/Particles/SimpleLit' not found
Shader 'Universal Render Pipeline/Particles/Lit': fallback shader 'Universal Render Pipeline/Particles/SimpleLit' not found
Refreshing native plugins compatible for Editor in 0.59 ms, found 2 plugins.
Preloading 0 native plugins for Editor in 0.00 ms.
Unloading 2638 Unused Serialized files (Serialized files now loaded: 0)
System memory in use before: 122.6 MB.
System memory in use after: 120.0 MB.

Unloading 46 unused Assets to reduce memory usage. Loaded Objects now: 3149.
Total: 3.752400 ms (FindLiveObjects: 0.301900 ms CreateObjectMapping: 0.159700 ms MarkObjects: 1.985900 ms  DeleteObjects: 1.303900 ms)

AssetImportParameters requested are different than current active one (requested -> active):
  custom:graphics/normal-map-encoding: 01000000000000000000000000000000 -> 02000000000000000000000000000000
========================================================================
Received Prepare
Registering precompiled user dll's ...
Registered in 0.006099 seconds.
Begin MonoManager ReloadAssembly
Native extension for WindowsStandalone target not found
Native extension for WebGL target not found
Refreshing native plugins compatible for Editor in 0.60 ms, found 2 plugins.
Preloading 0 native plugins for Editor in 0.00 ms.
Mono: successfully reloaded assembly
- Completed reload, in  1.237 seconds
Platform modules already initialized, skipping
Switching build target platform(19) subTarget(0) extendedPlatform(0) -> platform(13) subTarget(537395200) extendedPlatform(0)
Shader 'Universal Render Pipeline/Particles/Lit': fallback shader 'Universal Render Pipeline/Particles/SimpleLit' not found
Shader 'Universal Render Pipeline/Particles/Lit': fallback shader 'Universal Render Pipeline/Particles/SimpleLit' not found
Refreshing native plugins compatible for Editor in 0.61 ms, found 2 plugins.
Preloading 0 native plugins for Editor in 0.00 ms.
Unloading 2638 Unused Serialized files (Serialized files now loaded: 0)
System memory in use before: 122.6 MB.
System memory in use after: 120.0 MB.

Unloading 46 unused Assets to reduce memory usage. Loaded Objects now: 3152.
Total: 3.577400 ms (FindLiveObjects: 0.276100 ms CreateObjectMapping: 0.122000 ms MarkObjects: 1.906700 ms  DeleteObjects: 1.271700 ms)

AssetImportParameters requested are different than current active one (requested -> active):
  custom:graphics/normal-map-encoding: 01000000000000000000000000000000 -> 02000000000000000000000000000000
========================================================================
Received Prepare
Registering precompiled user dll's ...
Registered in 0.118852 seconds.
Begin MonoManager ReloadAssembly
Native extension for WindowsStandalone target not found
Native extension for WebGL target not found
Refreshing native plugins compatible for Editor in 1.27 ms, found 2 plugins.
Preloading 0 native plugins for Editor in 0.00 ms.
Mono: successfully reloaded assembly
- Completed reload, in  1.277 seconds
Platform modules already initialized, skipping
Switching build target platform(19) subTarget(0) extendedPlatform(0) -> platform(13) subTarget(537395200) extendedPlatform(0)
Shader 'Universal Render Pipeline/Particles/Lit': fallback shader 'Universal Render Pipeline/Particles/SimpleLit' not found
Shader 'Universal Render Pipeline/Particles/Lit': fallback shader 'Universal Render Pipeline/Particles/SimpleLit' not found
Refreshing native plugins compatible for Editor in 1.58 ms, found 2 plugins.
Preloading 0 native plugins for Editor in 0.00 ms.
Unloading 2638 Unused Serialized files (Serialized files now loaded: 0)
System memory in use before: 122.6 MB.
System memory in use after: 120.0 MB.

Unloading 46 unused Assets to reduce memory usage. Loaded Objects now: 3155.
Total: 10.252100 ms (FindLiveObjects: 0.400400 ms CreateObjectMapping: 0.160600 ms MarkObjects: 7.003700 ms  DeleteObjects: 2.685700 ms)

AssetImportParameters requested are different than current active one (requested -> active):
  custom:graphics/normal-map-encoding: 01000000000000000000000000000000 -> 02000000000000000000000000000000
========================================================================
Received Prepare
Registering precompiled user dll's ...
Registered in 0.006202 seconds.
Begin MonoManager ReloadAssembly
Native extension for WindowsStandalone target not found
Native extension for WebGL target not found
Refreshing native plugins compatible for Editor in 0.76 ms, found 2 plugins.
Preloading 0 native plugins for Editor in 0.00 ms.
Mono: successfully reloaded assembly
- Completed reload, in  1.209 seconds
Platform modules already initialized, skipping
Switching build target platform(19) subTarget(0) extendedPlatform(0) -> platform(13) subTarget(537395200) extendedPlatform(0)
Shader 'Universal Render Pipeline/Particles/Lit': fallback shader 'Universal Render Pipeline/Particles/SimpleLit' not found
Shader 'Universal Render Pipeline/Particles/Lit': fallback shader 'Universal Render Pipeline/Particles/SimpleLit' not found
Refreshing native plugins compatible for Editor in 0.76 ms, found 2 plugins.
Preloading 0 native plugins for Editor in 0.00 ms.
Unloading 2638 Unused Serialized files (Serialized files now loaded: 0)
System memory in use before: 122.6 MB.
System memory in use after: 120.0 MB.

Unloading 46 unused Assets to reduce memory usage. Loaded Objects now: 3158.
Total: 3.552100 ms (FindLiveObjects: 0.268700 ms CreateObjectMapping: 0.114600 ms MarkObjects: 1.892200 ms  DeleteObjects: 1.275500 ms)

AssetImportParameters requested are different than current active one (requested -> active):
  custom:graphics/normal-map-encoding: 01000000000000000000000000000000 -> 02000000000000000000000000000000
========================================================================
Received Prepare
Registering precompiled user dll's ...
Registered in 0.004803 seconds.
Begin MonoManager ReloadAssembly
Native extension for WindowsStandalone target not found
Native extension for WebGL target not found
Refreshing native plugins compatible for Editor in 0.63 ms, found 2 plugins.
Preloading 0 native plugins for Editor in 0.00 ms.
Mono: successfully reloaded assembly
- Completed reload, in  1.249 seconds
Platform modules already initialized, skipping
Switching build target platform(19) subTarget(0) extendedPlatform(0) -> platform(13) subTarget(537395200) extendedPlatform(0)
Shader 'Universal Render Pipeline/Particles/Lit': fallback shader 'Universal Render Pipeline/Particles/SimpleLit' not found
Shader 'Universal Render Pipeline/Particles/Lit': fallback shader 'Universal Render Pipeline/Particles/SimpleLit' not found
Refreshing native plugins compatible for Editor in 0.59 ms, found 2 plugins.
Preloading 0 native plugins for Editor in 0.00 ms.
Unloading 2638 Unused Serialized files (Serialized files now loaded: 0)
System memory in use before: 122.6 MB.
System memory in use after: 120.0 MB.

Unloading 46 unused Assets to reduce memory usage. Loaded Objects now: 3161.
Total: 3.665100 ms (FindLiveObjects: 0.259500 ms CreateObjectMapping: 0.110400 ms MarkObjects: 2.024300 ms  DeleteObjects: 1.270200 ms)

AssetImportParameters requested are different than current active one (requested -> active):
  custom:graphics/normal-map-encoding: 01000000000000000000000000000000 -> 02000000000000000000000000000000
========================================================================
Received Prepare
Registering precompiled user dll's ...
Registered in 0.003531 seconds.
Begin MonoManager ReloadAssembly
Native extension for WindowsStandalone target not found
Native extension for WebGL target not found
Refreshing native plugins compatible for Editor in 0.66 ms, found 2 plugins.
Preloading 0 native plugins for Editor in 0.00 ms.
Mono: successfully reloaded assembly
- Completed reload, in  1.133 seconds
Platform modules already initialized, skipping
Switching build target platform(19) subTarget(0) extendedPlatform(0) -> platform(13) subTarget(537395200) extendedPlatform(0)
Shader 'Universal Render Pipeline/Particles/Lit': fallback shader 'Universal Render Pipeline/Particles/SimpleLit' not found
Shader 'Universal Render Pipeline/Particles/Lit': fallback shader 'Universal Render Pipeline/Particles/SimpleLit' not found
Refreshing native plugins compatible for Editor in 0.61 ms, found 2 plugins.
Preloading 0 native plugins for Editor in 0.00 ms.
Unloading 2638 Unused Serialized files (Serialized files now loaded: 0)
System memory in use before: 122.6 MB.
System memory in use after: 120.0 MB.

Unloading 46 unused Assets to reduce memory usage. Loaded Objects now: 3164.
Total: 4.716000 ms (FindLiveObjects: 0.291100 ms CreateObjectMapping: 0.145100 ms MarkObjects: 2.730500 ms  DeleteObjects: 1.547100 ms)

AssetImportParameters requested are different than current active one (requested -> active):
  custom:graphics/normal-map-encoding: 01000000000000000000000000000000 -> 02000000000000000000000000000000
========================================================================
Received Prepare
Registering precompiled user dll's ...
Registered in 0.006600 seconds.
Begin MonoManager ReloadAssembly
Native extension for WindowsStandalone target not found
Native extension for WebGL target not found
Refreshing native plugins compatible for Editor in 0.76 ms, found 2 plugins.
Preloading 0 native plugins for Editor in 0.00 ms.
Mono: successfully reloaded assembly
- Completed reload, in  1.255 seconds
Platform modules already initialized, skipping
Switching build target platform(19) subTarget(0) extendedPlatform(0) -> platform(13) subTarget(537395200) extendedPlatform(0)
Shader 'Universal Render Pipeline/Particles/Lit': fallback shader 'Universal Render Pipeline/Particles/SimpleLit' not found
Shader 'Universal Render Pipeline/Particles/Lit': fallback shader 'Universal Render Pipeline/Particles/SimpleLit' not found
Refreshing native plugins compatible for Editor in 0.59 ms, found 2 plugins.
Preloading 0 native plugins for Editor in 0.00 ms.
Unloading 2638 Unused Serialized files (Serialized files now loaded: 0)
System memory in use before: 122.7 MB.
System memory in use after: 120.0 MB.

Unloading 46 unused Assets to reduce memory usage. Loaded Objects now: 3167.
Total: 3.599400 ms (FindLiveObjects: 0.244500 ms CreateObjectMapping: 0.117900 ms MarkObjects: 1.940900 ms  DeleteObjects: 1.295400 ms)

AssetImportParameters requested are different than current active one (requested -> active):
  custom:graphics/normal-map-encoding: 01000000000000000000000000000000 -> 02000000000000000000000000000000
========================================================================
Received Prepare
Registering precompiled user dll's ...
Registered in 0.003593 seconds.
Begin MonoManager ReloadAssembly
Native extension for WindowsStandalone target not found
Native extension for WebGL target not found
Refreshing native plugins compatible for Editor in 0.61 ms, found 2 plugins.
Preloading 0 native plugins for Editor in 0.00 ms.
Mono: successfully reloaded assembly
- Completed reload, in  1.248 seconds
Platform modules already initialized, skipping
Switching build target platform(19) subTarget(0) extendedPlatform(0) -> platform(13) subTarget(537395200) extendedPlatform(0)
Shader 'Universal Render Pipeline/Particles/Lit': fallback shader 'Universal Render Pipeline/Particles/SimpleLit' not found
Shader 'Universal Render Pipeline/Particles/Lit': fallback shader 'Universal Render Pipeline/Particles/SimpleLit' not found
Refreshing native plugins compatible for Editor in 0.60 ms, found 2 plugins.
Preloading 0 native plugins for Editor in 0.00 ms.
Unloading 2638 Unused Serialized files (Serialized files now loaded: 0)
System memory in use before: 122.7 MB.
System memory in use after: 120.0 MB.

Unloading 46 unused Assets to reduce memory usage. Loaded Objects now: 3170.
Total: 3.513300 ms (FindLiveObjects: 0.260900 ms CreateObjectMapping: 0.134200 ms MarkObjects: 1.840600 ms  DeleteObjects: 1.276500 ms)

AssetImportParameters requested are different than current active one (requested -> active):
  custom:graphics/normal-map-encoding: 01000000000000000000000000000000 -> 02000000000000000000000000000000
========================================================================
Received Prepare
Registering precompiled user dll's ...
Registered in 0.003480 seconds.
Begin MonoManager ReloadAssembly
Native extension for WindowsStandalone target not found
Native extension for WebGL target not found
Refreshing native plugins compatible for Editor in 0.65 ms, found 2 plugins.
Preloading 0 native plugins for Editor in 0.00 ms.
Mono: successfully reloaded assembly
- Completed reload, in  0.940 seconds
Platform modules already initialized, skipping
Switching build target platform(19) subTarget(0) extendedPlatform(0) -> platform(13) subTarget(537395200) extendedPlatform(0)
Shader 'Universal Render Pipeline/Particles/Lit': fallback shader 'Universal Render Pipeline/Particles/SimpleLit' not found
Shader 'Universal Render Pipeline/Particles/Lit': fallback shader 'Universal Render Pipeline/Particles/SimpleLit' not found
Refreshing native plugins compatible for Editor in 0.60 ms, found 2 plugins.
Preloading 0 native plugins for Editor in 0.00 ms.
Unloading 2638 Unused Serialized files (Serialized files now loaded: 0)
System memory in use before: 122.7 MB.
System memory in use after: 120.0 MB.

Unloading 46 unused Assets to reduce memory usage. Loaded Objects now: 3173.
Total: 3.419200 ms (FindLiveObjects: 0.269000 ms CreateObjectMapping: 0.111200 ms MarkObjects: 1.735400 ms  DeleteObjects: 1.302500 ms)

AssetImportParameters requested are different than current active one (requested -> active):
  custom:graphics/normal-map-encoding: 01000000000000000000000000000000 -> 02000000000000000000000000000000
========================================================================
Received Prepare
Registering precompiled user dll's ...
Registered in 0.004095 seconds.
Begin MonoManager ReloadAssembly
Native extension for WindowsStandalone target not found
Native extension for WebGL target not found
Refreshing native plugins compatible for Editor in 0.67 ms, found 2 plugins.
Preloading 0 native plugins for Editor in 0.00 ms.
Mono: successfully reloaded assembly
- Completed reload, in  1.020 seconds
Platform modules already initialized, skipping
Switching build target platform(19) subTarget(0) extendedPlatform(0) -> platform(13) subTarget(537395200) extendedPlatform(0)
Shader 'Universal Render Pipeline/Particles/Lit': fallback shader 'Universal Render Pipeline/Particles/SimpleLit' not found
Shader 'Universal Render Pipeline/Particles/Lit': fallback shader 'Universal Render Pipeline/Particles/SimpleLit' not found
Refreshing native plugins compatible for Editor in 0.60 ms, found 2 plugins.
Preloading 0 native plugins for Editor in 0.00 ms.
Unloading 2638 Unused Serialized files (Serialized files now loaded: 0)
System memory in use before: 122.7 MB.
System memory in use after: 120.0 MB.

Unloading 46 unused Assets to reduce memory usage. Loaded Objects now: 3176.
Total: 3.385900 ms (FindLiveObjects: 0.269600 ms CreateObjectMapping: 0.128800 ms MarkObjects: 1.698800 ms  DeleteObjects: 1.287800 ms)

AssetImportParameters requested are different than current active one (requested -> active):
  custom:graphics/normal-map-encoding: 01000000000000000000000000000000 -> 02000000000000000000000000000000
========================================================================
Received Prepare
Registering precompiled user dll's ...
Registered in 0.003822 seconds.
Begin MonoManager ReloadAssembly
Native extension for WindowsStandalone target not found
Native extension for WebGL target not found
Refreshing native plugins compatible for Editor in 0.60 ms, found 2 plugins.
Preloading 0 native plugins for Editor in 0.00 ms.
Mono: successfully reloaded assembly
- Completed reload, in  0.951 seconds
Platform modules already initialized, skipping
Switching build target platform(19) subTarget(0) extendedPlatform(0) -> platform(13) subTarget(537395200) extendedPlatform(0)
Shader 'Universal Render Pipeline/Particles/Lit': fallback shader 'Universal Render Pipeline/Particles/SimpleLit' not found
Shader 'Universal Render Pipeline/Particles/Lit': fallback shader 'Universal Render Pipeline/Particles/SimpleLit' not found
Refreshing native plugins compatible for Editor in 0.68 ms, found 2 plugins.
Preloading 0 native plugins for Editor in 0.00 ms.
Unloading 2638 Unused Serialized files (Serialized files now loaded: 0)
System memory in use before: 122.7 MB.
System memory in use after: 120.0 MB.

Unloading 46 unused Assets to reduce memory usage. Loaded Objects now: 3179.
Total: 7.743500 ms (FindLiveObjects: 0.430800 ms CreateObjectMapping: 0.314300 ms MarkObjects: 5.625000 ms  DeleteObjects: 1.371400 ms)

AssetImportParameters requested are different than current active one (requested -> active):
  custom:graphics/normal-map-encoding: 01000000000000000000000000000000 -> 02000000000000000000000000000000
========================================================================
Received Prepare
Registering precompiled user dll's ...
Registered in 0.003575 seconds.
Begin MonoManager ReloadAssembly
Native extension for WindowsStandalone target not found
Native extension for WebGL target not found
Refreshing native plugins compatible for Editor in 1.37 ms, found 2 plugins.
Preloading 0 native plugins for Editor in 0.00 ms.
Mono: successfully reloaded assembly
- Completed reload, in  1.280 seconds
Platform modules already initialized, skipping
Switching build target platform(19) subTarget(0) extendedPlatform(0) -> platform(13) subTarget(537395200) extendedPlatform(0)
Shader 'Universal Render Pipeline/Particles/Lit': fallback shader 'Universal Render Pipeline/Particles/SimpleLit' not found
Shader 'Universal Render Pipeline/Particles/Lit': fallback shader 'Universal Render Pipeline/Particles/SimpleLit' not found
Refreshing native plugins compatible for Editor in 0.62 ms, found 2 plugins.
Preloading 0 native plugins for Editor in 0.00 ms.
Unloading 2638 Unused Serialized files (Serialized files now loaded: 0)
System memory in use before: 122.7 MB.
System memory in use after: 120.0 MB.

Unloading 46 unused Assets to reduce memory usage. Loaded Objects now: 3182.
Total: 3.661400 ms (FindLiveObjects: 0.275500 ms CreateObjectMapping: 0.124300 ms MarkObjects: 1.863400 ms  DeleteObjects: 1.397400 ms)

AssetImportParameters requested are different than current active one (requested -> active):
  custom:graphics/normal-map-encoding: 01000000000000000000000000000000 -> 02000000000000000000000000000000
========================================================================
Received Prepare
Registering precompiled user dll's ...
Registered in 0.003622 seconds.
Begin MonoManager ReloadAssembly
Native extension for WindowsStandalone target not found
Native extension for WebGL target not found
Refreshing native plugins compatible for Editor in 0.60 ms, found 2 plugins.
Preloading 0 native plugins for Editor in 0.00 ms.
Mono: successfully reloaded assembly
- Completed reload, in  0.995 seconds
Platform modules already initialized, skipping
Switching build target platform(19) subTarget(0) extendedPlatform(0) -> platform(13) subTarget(537395200) extendedPlatform(0)
Shader 'Universal Render Pipeline/Particles/Lit': fallback shader 'Universal Render Pipeline/Particles/SimpleLit' not found
Shader 'Universal Render Pipeline/Particles/Lit': fallback shader 'Universal Render Pipeline/Particles/SimpleLit' not found
Refreshing native plugins compatible for Editor in 0.60 ms, found 2 plugins.
Preloading 0 native plugins for Editor in 0.00 ms.
Unloading 2638 Unused Serialized files (Serialized files now loaded: 0)
System memory in use before: 122.7 MB.
System memory in use after: 120.0 MB.

Unloading 46 unused Assets to reduce memory usage. Loaded Objects now: 3185.
Total: 3.472100 ms (FindLiveObjects: 0.291100 ms CreateObjectMapping: 0.136700 ms MarkObjects: 1.723300 ms  DeleteObjects: 1.320100 ms)

AssetImportParameters requested are different than current active one (requested -> active):
  custom:graphics/normal-map-encoding: 01000000000000000000000000000000 -> 02000000000000000000000000000000
========================================================================
Received Prepare
Registering precompiled user dll's ...
Registered in 0.003774 seconds.
Begin MonoManager ReloadAssembly
Native extension for WindowsStandalone target not found
Native extension for WebGL target not found
Refreshing native plugins compatible for Editor in 0.60 ms, found 2 plugins.
Preloading 0 native plugins for Editor in 0.00 ms.
Mono: successfully reloaded assembly
- Completed reload, in  1.341 seconds
Platform modules already initialized, skipping
Switching build target platform(19) subTarget(0) extendedPlatform(0) -> platform(13) subTarget(537395200) extendedPlatform(0)
Shader 'Universal Render Pipeline/Particles/Lit': fallback shader 'Universal Render Pipeline/Particles/SimpleLit' not found
Shader 'Universal Render Pipeline/Particles/Lit': fallback shader 'Universal Render Pipeline/Particles/SimpleLit' not found
Refreshing native plugins compatible for Editor in 0.57 ms, found 2 plugins.
Preloading 0 native plugins for Editor in 0.00 ms.
Unloading 2638 Unused Serialized files (Serialized files now loaded: 0)
System memory in use before: 122.7 MB.
System memory in use after: 120.0 MB.

Unloading 46 unused Assets to reduce memory usage. Loaded Objects now: 3188.
Total: 3.803100 ms (FindLiveObjects: 0.278700 ms CreateObjectMapping: 0.129200 ms MarkObjects: 1.990000 ms  DeleteObjects: 1.404400 ms)

AssetImportParameters requested are different than current active one (requested -> active):
  custom:graphics/normal-map-encoding: 01000000000000000000000000000000 -> 02000000000000000000000000000000
========================================================================
Received Prepare
Registering precompiled user dll's ...
Registered in 0.003545 seconds.
Begin MonoManager ReloadAssembly
Native extension for WindowsStandalone target not found
Native extension for WebGL target not found
Refreshing native plugins compatible for Editor in 0.60 ms, found 2 plugins.
Preloading 0 native plugins for Editor in 0.00 ms.
Mono: successfully reloaded assembly
- Completed reload, in  0.970 seconds
Platform modules already initialized, skipping
Switching build target platform(19) subTarget(0) extendedPlatform(0) -> platform(13) subTarget(537395200) extendedPlatform(0)
Shader 'Universal Render Pipeline/Particles/Lit': fallback shader 'Universal Render Pipeline/Particles/SimpleLit' not found
Shader 'Universal Render Pipeline/Particles/Lit': fallback shader 'Universal Render Pipeline/Particles/SimpleLit' not found
Refreshing native plugins compatible for Editor in 1.01 ms, found 2 plugins.
Preloading 0 native plugins for Editor in 0.00 ms.
Unloading 2638 Unused Serialized files (Serialized files now loaded: 0)
System memory in use before: 122.7 MB.
System memory in use after: 120.1 MB.

Unloading 46 unused Assets to reduce memory usage. Loaded Objects now: 3191.
Total: 3.761900 ms (FindLiveObjects: 0.281100 ms CreateObjectMapping: 0.122100 ms MarkObjects: 1.867700 ms  DeleteObjects: 1.490000 ms)

AssetImportParameters requested are different than current active one (requested -> active):
  custom:graphics/normal-map-encoding: 01000000000000000000000000000000 -> 02000000000000000000000000000000
========================================================================
Received Prepare
Registering precompiled user dll's ...
Registered in 0.005700 seconds.
Begin MonoManager ReloadAssembly
Native extension for WindowsStandalone target not found
Native extension for WebGL target not found
Refreshing native plugins compatible for Editor in 0.60 ms, found 2 plugins.
Preloading 0 native plugins for Editor in 0.00 ms.
Mono: successfully reloaded assembly
- Completed reload, in  1.356 seconds
Platform modules already initialized, skipping
Switching build target platform(19) subTarget(0) extendedPlatform(0) -> platform(13) subTarget(537395200) extendedPlatform(0)
Shader 'Universal Render Pipeline/Particles/Lit': fallback shader 'Universal Render Pipeline/Particles/SimpleLit' not found
Shader 'Universal Render Pipeline/Particles/Lit': fallback shader 'Universal Render Pipeline/Particles/SimpleLit' not found
Refreshing native plugins compatible for Editor in 0.63 ms, found 2 plugins.
Preloading 0 native plugins for Editor in 0.00 ms.
Unloading 2638 Unused Serialized files (Serialized files now loaded: 0)
System memory in use before: 122.7 MB.
System memory in use after: 120.1 MB.

Unloading 46 unused Assets to reduce memory usage. Loaded Objects now: 3194.
Total: 3.587100 ms (FindLiveObjects: 0.263700 ms CreateObjectMapping: 0.118600 ms MarkObjects: 1.839500 ms  DeleteObjects: 1.364200 ms)

AssetImportParameters requested are different than current active one (requested -> active):
  custom:graphics/normal-map-encoding: 01000000000000000000000000000000 -> 02000000000000000000000000000000
========================================================================
Received Prepare
Registering precompiled user dll's ...
Registered in 0.005632 seconds.
Begin MonoManager ReloadAssembly
Native extension for WindowsStandalone target not found
Native extension for WebGL target not found
Refreshing native plugins compatible for Editor in 0.59 ms, found 2 plugins.
Preloading 0 native plugins for Editor in 0.00 ms.
Mono: successfully reloaded assembly
- Completed reload, in  1.350 seconds
Platform modules already initialized, skipping
Switching build target platform(19) subTarget(0) extendedPlatform(0) -> platform(13) subTarget(537395200) extendedPlatform(0)
Shader 'Universal Render Pipeline/Particles/Lit': fallback shader 'Universal Render Pipeline/Particles/SimpleLit' not found
Shader 'Universal Render Pipeline/Particles/Lit': fallback shader 'Universal Render Pipeline/Particles/SimpleLit' not found
Refreshing native plugins compatible for Editor in 0.57 ms, found 2 plugins.
Preloading 0 native plugins for Editor in 0.00 ms.
Unloading 2638 Unused Serialized files (Serialized files now loaded: 0)
System memory in use before: 122.7 MB.
System memory in use after: 120.1 MB.

Unloading 46 unused Assets to reduce memory usage. Loaded Objects now: 3197.
Total: 3.354300 ms (FindLiveObjects: 0.265000 ms CreateObjectMapping: 0.129700 ms MarkObjects: 1.653200 ms  DeleteObjects: 1.305400 ms)

AssetImportParameters requested are different than current active one (requested -> active):
  custom:graphics/normal-map-encoding: 01000000000000000000000000000000 -> 02000000000000000000000000000000
========================================================================
Received Prepare
Registering precompiled user dll's ...
Registered in 0.003613 seconds.
Begin MonoManager ReloadAssembly
Native extension for WindowsStandalone target not found
Native extension for WebGL target not found
Refreshing native plugins compatible for Editor in 0.61 ms, found 2 plugins.
Preloading 0 native plugins for Editor in 0.00 ms.
Mono: successfully reloaded assembly
- Completed reload, in  1.314 seconds
Platform modules already initialized, skipping
Switching build target platform(19) subTarget(0) extendedPlatform(0) -> platform(13) subTarget(537395200) extendedPlatform(0)
Shader 'Universal Render Pipeline/Particles/Lit': fallback shader 'Universal Render Pipeline/Particles/SimpleLit' not found
Shader 'Universal Render Pipeline/Particles/Lit': fallback shader 'Universal Render Pipeline/Particles/SimpleLit' not found
Refreshing native plugins compatible for Editor in 0.61 ms, found 2 plugins.
Preloading 0 native plugins for Editor in 0.00 ms.
Unloading 2638 Unused Serialized files (Serialized files now loaded: 0)
System memory in use before: 122.7 MB.
System memory in use after: 120.1 MB.

Unloading 46 unused Assets to reduce memory usage. Loaded Objects now: 3200.
Total: 3.955600 ms (FindLiveObjects: 0.333000 ms CreateObjectMapping: 0.105100 ms MarkObjects: 2.188700 ms  DeleteObjects: 1.328000 ms)

AssetImportParameters requested are different than current active one (requested -> active):
  custom:graphics/normal-map-encoding: 01000000000000000000000000000000 -> 02000000000000000000000000000000
========================================================================
Received Prepare
Registering precompiled user dll's ...
Registered in 0.005392 seconds.
Begin MonoManager ReloadAssembly
Native extension for WindowsStandalone target not found
Native extension for WebGL target not found
Refreshing native plugins compatible for Editor in 0.63 ms, found 2 plugins.
Preloading 0 native plugins for Editor in 0.00 ms.
Mono: successfully reloaded assembly
- Completed reload, in  1.446 seconds
Platform modules already initialized, skipping
Switching build target platform(19) subTarget(0) extendedPlatform(0) -> platform(13) subTarget(537395200) extendedPlatform(0)
Shader 'Universal Render Pipeline/Particles/Lit': fallback shader 'Universal Render Pipeline/Particles/SimpleLit' not found
Shader 'Universal Render Pipeline/Particles/Lit': fallback shader 'Universal Render Pipeline/Particles/SimpleLit' not found
Refreshing native plugins compatible for Editor in 1.32 ms, found 2 plugins.
Preloading 0 native plugins for Editor in 0.00 ms.
Unloading 2638 Unused Serialized files (Serialized files now loaded: 0)
System memory in use before: 122.8 MB.
System memory in use after: 120.1 MB.

Unloading 46 unused Assets to reduce memory usage. Loaded Objects now: 3203.
Total: 4.889800 ms (FindLiveObjects: 0.288100 ms CreateObjectMapping: 0.134700 ms MarkObjects: 2.418700 ms  DeleteObjects: 2.047000 ms)

AssetImportParameters requested are different than current active one (requested -> active):
  custom:graphics/normal-map-encoding: 01000000000000000000000000000000 -> 02000000000000000000000000000000
